

Started GET "/" for ::1 at 2015-11-01 22:37:55 -0500
Processing by Rails::WelcomeController#index as HTML
  Rendered /usr/local/lib/ruby/gems/2.2.0/gems/railties-4.2.4/lib/rails/templates/rails/welcome/index.html.erb (3.1ms)
Completed 200 OK in 27ms (Views: 12.4ms | ActiveRecord: 0.0ms)
  [1m[36m (1.3ms)[0m  [1mCREATE TABLE "schema_migrations" ("version" varchar NOT NULL) [0m
  [1m[35m (0.6ms)[0m  select sqlite_version(*)
  [1m[36m (1.2ms)[0m  [1mCREATE UNIQUE INDEX "unique_schema_migrations" ON "schema_migrations" ("version")[0m
  [1m[35mActiveRecord::SchemaMigration Load (0.1ms)[0m  SELECT "schema_migrations".* FROM "schema_migrations"
Migrating to CreateStatuses (20151102035331)
  [1m[36m (0.1ms)[0m  [1mbegin transaction[0m
  [1m[35m (0.6ms)[0m  CREATE TABLE "statuses" ("id" INTEGER PRIMARY KEY AUTOINCREMENT NOT NULL, "name" varchar, "content" text, "created_at" datetime NOT NULL, "updated_at" datetime NOT NULL) 
  [1m[36mSQL (0.2ms)[0m  [1mINSERT INTO "schema_migrations" ("version") VALUES (?)[0m  [["version", "20151102035331"]]
  [1m[35m (1.0ms)[0m  commit transaction
  [1m[36mActiveRecord::SchemaMigration Load (0.1ms)[0m  [1mSELECT "schema_migrations".* FROM "schema_migrations"[0m


Started GET "/" for ::1 at 2015-11-01 22:57:04 -0500
  [1m[36mActiveRecord::SchemaMigration Load (0.2ms)[0m  [1mSELECT "schema_migrations".* FROM "schema_migrations"[0m
Processing by Rails::WelcomeController#index as HTML
  Rendered /usr/local/lib/ruby/gems/2.2.0/gems/railties-4.2.4/lib/rails/templates/rails/welcome/index.html.erb (2.5ms)
Completed 200 OK in 24ms (Views: 12.8ms | ActiveRecord: 0.0ms)


Started GET "/statuses" for ::1 at 2015-11-01 22:57:18 -0500
Processing by StatusesController#index as HTML
  [1m[35mStatus Load (0.5ms)[0m  SELECT "statuses".* FROM "statuses"
  Rendered statuses/index.html.erb within layouts/application (2.7ms)
Completed 200 OK in 1790ms (Views: 1786.7ms | ActiveRecord: 0.6ms)


Started GET "/assets/scaffolds.self-38e10ba498c51d7a6a4da44e2cb207f18c19e18b363a36b0d380535a42df50dd.css?body=1" for ::1 at 2015-11-01 22:57:20 -0500


Started GET "/assets/statuses.self-e3b0c44298fc1c149afbf4c8996fb92427ae41e4649b934ca495991b7852b855.css?body=1" for ::1 at 2015-11-01 22:57:20 -0500


Started GET "/assets/application.self-e80e8f2318043e8af94dddc2adad5a4f09739a8ebb323b3ab31cd71d45fd9113.css?body=1" for ::1 at 2015-11-01 22:57:20 -0500


Started GET "/assets/jquery.self-a714331225dda820228db323939889f149aec0127aeb06255646b616ba1ca419.js?body=1" for ::1 at 2015-11-01 22:57:20 -0500


Started GET "/assets/jquery_ujs.self-d456baa54c1fa6be2ec3711f0a72ddf7a5b2f34a6b4f515f33767d6207b7d4b3.js?body=1" for ::1 at 2015-11-01 22:57:20 -0500


Started GET "/assets/turbolinks.self-c37727e9bd6b2735da5c311aa83fead54ed0be6cc8bd9a65309e9c5abe2cbfff.js?body=1" for ::1 at 2015-11-01 22:57:20 -0500


Started GET "/assets/application.self-3b8dabdc891efe46b9a144b400ad69e37d7e5876bdc39dee783419a69d7ca819.js?body=1" for ::1 at 2015-11-01 22:57:20 -0500


Started GET "/assets/statuses.self-877aef30ae1b040ab8a3aba4e3e309a11d7f2612f44dde450b5c157aa5f95c05.js?body=1" for ::1 at 2015-11-01 22:57:20 -0500


Started GET "/statuses/new" for ::1 at 2015-11-01 22:57:30 -0500
Processing by StatusesController#new as HTML
  Rendered statuses/_form.html.erb (43.9ms)
  Rendered statuses/new.html.erb within layouts/application (54.4ms)
Completed 200 OK in 125ms (Views: 118.9ms | ActiveRecord: 0.4ms)


Started POST "/statuses" for ::1 at 2015-11-01 22:57:45 -0500
Processing by StatusesController#create as HTML
  Parameters: {"utf8"=>"✓", "authenticity_token"=>"3aSUBx2WI8syh/J10tP2iOAV52pG9oQbNGTKKFDD+eXOCGrzekTMVwcJOUMy/MdWYN7G7poDsZ5PqHRR8glsEQ==", "status"=>{"name"=>"Lohit", "content"=>"My first status update"}, "commit"=>"Create Status"}
  [1m[36m (0.1ms)[0m  [1mbegin transaction[0m
  [1m[35mSQL (1.0ms)[0m  INSERT INTO "statuses" ("name", "content", "created_at", "updated_at") VALUES (?, ?, ?, ?)  [["name", "Lohit"], ["content", "My first status update"], ["created_at", "2015-11-02 03:57:45.373894"], ["updated_at", "2015-11-02 03:57:45.373894"]]
  [1m[36m (0.9ms)[0m  [1mcommit transaction[0m
Redirected to http://localhost:3000/statuses/1
Completed 302 Found in 10ms (ActiveRecord: 2.0ms)


Started GET "/statuses/1" for ::1 at 2015-11-01 22:57:45 -0500
Processing by StatusesController#show as HTML
  Parameters: {"id"=>"1"}
  [1m[35mStatus Load (0.3ms)[0m  SELECT  "statuses".* FROM "statuses" WHERE "statuses"."id" = ? LIMIT 1  [["id", 1]]
  Rendered statuses/show.html.erb within layouts/application (1.1ms)
Completed 200 OK in 52ms (Views: 40.9ms | ActiveRecord: 0.3ms)


Started GET "/statuses" for ::1 at 2015-11-01 22:57:51 -0500
Processing by StatusesController#index as HTML
  [1m[36mStatus Load (0.1ms)[0m  [1mSELECT "statuses".* FROM "statuses"[0m
  Rendered statuses/index.html.erb within layouts/application (1.6ms)
Completed 200 OK in 34ms (Views: 33.0ms | ActiveRecord: 0.1ms)
